<?xml version="1.0" encoding="UTF-8"?>
<testsuite xmlns:xsi="http://www.w3.org/2001/XMLSchema-instance" xsi:noNamespaceSchemaLocation="https://maven.apache.org/surefire/maven-surefire-plugin/xsd/surefire-test-report-3.0.xsd" version="3.0" name="TestSuite" time="15.173" tests="1" errors="0" skipped="0" failures="0">
  <properties>
    <property name="sun.desktop" value="gnome"/>
    <property name="awt.toolkit" value="sun.awt.X11.XToolkit"/>
    <property name="file.encoding.pkg" value="sun.io"/>
    <property name="java.specification.version" value="1.8"/>
    <property name="webdriver.chrome.driver" value="/home/amruta/Desktop/automation_simplie_learn/chromedriver_linux64_new/chromedriver"/>
    <property name="sun.cpu.isalist" value=""/>
    <property name="sun.jnu.encoding" value="UTF-8"/>
    <property name="java.class.path" value="/home/amruta/ecllipse workspace new/PageFactory/target/test-classes:/home/amruta/ecllipse workspace new/PageFactory/target/classes:/home/amruta/.m2/repository/org/seleniumhq/selenium/selenium-java/3.141.59/selenium-java-3.141.59.jar:/home/amruta/.m2/repository/org/seleniumhq/selenium/selenium-api/3.141.59/selenium-api-3.141.59.jar:/home/amruta/.m2/repository/org/seleniumhq/selenium/selenium-chrome-driver/3.141.59/selenium-chrome-driver-3.141.59.jar:/home/amruta/.m2/repository/org/seleniumhq/selenium/selenium-edge-driver/3.141.59/selenium-edge-driver-3.141.59.jar:/home/amruta/.m2/repository/org/seleniumhq/selenium/selenium-firefox-driver/3.141.59/selenium-firefox-driver-3.141.59.jar:/home/amruta/.m2/repository/org/seleniumhq/selenium/selenium-ie-driver/3.141.59/selenium-ie-driver-3.141.59.jar:/home/amruta/.m2/repository/org/seleniumhq/selenium/selenium-opera-driver/3.141.59/selenium-opera-driver-3.141.59.jar:/home/amruta/.m2/repository/org/seleniumhq/selenium/selenium-remote-driver/3.141.59/selenium-remote-driver-3.141.59.jar:/home/amruta/.m2/repository/org/seleniumhq/selenium/selenium-safari-driver/3.141.59/selenium-safari-driver-3.141.59.jar:/home/amruta/.m2/repository/org/seleniumhq/selenium/selenium-support/3.141.59/selenium-support-3.141.59.jar:/home/amruta/.m2/repository/net/bytebuddy/byte-buddy/1.8.15/byte-buddy-1.8.15.jar:/home/amruta/.m2/repository/org/apache/commons/commons-exec/1.3/commons-exec-1.3.jar:/home/amruta/.m2/repository/com/google/guava/guava/25.0-jre/guava-25.0-jre.jar:/home/amruta/.m2/repository/org/checkerframework/checker-compat-qual/2.0.0/checker-compat-qual-2.0.0.jar:/home/amruta/.m2/repository/com/google/errorprone/error_prone_annotations/2.1.3/error_prone_annotations-2.1.3.jar:/home/amruta/.m2/repository/com/google/j2objc/j2objc-annotations/1.1/j2objc-annotations-1.1.jar:/home/amruta/.m2/repository/org/codehaus/mojo/animal-sniffer-annotations/1.14/animal-sniffer-annotations-1.14.jar:/home/amruta/.m2/repository/com/squareup/okhttp3/okhttp/3.11.0/okhttp-3.11.0.jar:/home/amruta/.m2/repository/com/squareup/okio/okio/1.14.0/okio-1.14.0.jar:/home/amruta/.m2/repository/org/apache/poi/poi/5.2.1/poi-5.2.1.jar:/home/amruta/.m2/repository/commons-codec/commons-codec/1.15/commons-codec-1.15.jar:/home/amruta/.m2/repository/org/apache/commons/commons-collections4/4.4/commons-collections4-4.4.jar:/home/amruta/.m2/repository/org/apache/commons/commons-math3/3.6.1/commons-math3-3.6.1.jar:/home/amruta/.m2/repository/commons-io/commons-io/2.11.0/commons-io-2.11.0.jar:/home/amruta/.m2/repository/com/zaxxer/SparseBitSet/1.2/SparseBitSet-1.2.jar:/home/amruta/.m2/repository/org/apache/logging/log4j/log4j-api/2.17.1/log4j-api-2.17.1.jar:/home/amruta/.m2/repository/org/apache/poi/poi-ooxml/5.2.1/poi-ooxml-5.2.1.jar:/home/amruta/.m2/repository/org/apache/poi/poi-ooxml-lite/5.2.1/poi-ooxml-lite-5.2.1.jar:/home/amruta/.m2/repository/org/apache/xmlbeans/xmlbeans/5.0.3/xmlbeans-5.0.3.jar:/home/amruta/.m2/repository/xml-apis/xml-apis/1.4.01/xml-apis-1.4.01.jar:/home/amruta/.m2/repository/org/apache/commons/commons-compress/1.21/commons-compress-1.21.jar:/home/amruta/.m2/repository/com/github/virtuald/curvesapi/1.07/curvesapi-1.07.jar:/home/amruta/.m2/repository/org/testng/testng/7.5/testng-7.5.jar:/home/amruta/.m2/repository/com/google/code/findbugs/jsr305/3.0.1/jsr305-3.0.1.jar:/home/amruta/.m2/repository/org/slf4j/slf4j-api/1.7.32/slf4j-api-1.7.32.jar:/home/amruta/.m2/repository/com/beust/jcommander/1.78/jcommander-1.78.jar:/home/amruta/.m2/repository/org/webjars/jquery/3.5.1/jquery-3.5.1.jar:/home/amruta/.m2/repository/com/relevantcodes/extentreports/2.41.2/extentreports-2.41.2.jar:/home/amruta/.m2/repository/org/jsoup/jsoup/1.8.3/jsoup-1.8.3.jar:/home/amruta/.m2/repository/org/xerial/sqlite-jdbc/3.8.11.1/sqlite-jdbc-3.8.11.1.jar:/home/amruta/.m2/repository/org/freemarker/freemarker/2.3.23/freemarker-2.3.23.jar:/home/amruta/.m2/repository/org/mongodb/mongodb-driver/3.0.4/mongodb-driver-3.0.4.jar:/home/amruta/.m2/repository/org/mongodb/bson/3.0.4/bson-3.0.4.jar:/home/amruta/.m2/repository/org/mongodb/mongodb-driver-core/3.0.4/mongodb-driver-core-3.0.4.jar:"/>
    <property name="java.vm.vendor" value="Private Build"/>
    <property name="sun.arch.data.model" value="64"/>
    <property name="java.vendor.url" value="http://java.oracle.com/"/>
    <property name="user.timezone" value="Asia/Kolkata"/>
    <property name="java.vm.specification.version" value="1.8"/>
    <property name="os.name" value="Linux"/>
    <property name="user.country" value="IN"/>
    <property name="sun.java.launcher" value="SUN_STANDARD"/>
    <property name="sun.boot.library.path" value="/usr/lib/jvm/java-8-openjdk-amd64/jre/lib/amd64"/>
    <property name="sun.java.command" value="/home/amruta/ecllipse workspace new/PageFactory/target/surefire/surefirebooter19638447040240890.jar /home/amruta/ecllipse workspace new/PageFactory/target/surefire 2022-03-13T11-55-07_877-jvmRun1 surefire5451425495890898954tmp surefire_03709827488771814542tmp"/>
    <property name="surefire.test.class.path" value="/home/amruta/ecllipse workspace new/PageFactory/target/test-classes:/home/amruta/ecllipse workspace new/PageFactory/target/classes:/home/amruta/.m2/repository/org/seleniumhq/selenium/selenium-java/3.141.59/selenium-java-3.141.59.jar:/home/amruta/.m2/repository/org/seleniumhq/selenium/selenium-api/3.141.59/selenium-api-3.141.59.jar:/home/amruta/.m2/repository/org/seleniumhq/selenium/selenium-chrome-driver/3.141.59/selenium-chrome-driver-3.141.59.jar:/home/amruta/.m2/repository/org/seleniumhq/selenium/selenium-edge-driver/3.141.59/selenium-edge-driver-3.141.59.jar:/home/amruta/.m2/repository/org/seleniumhq/selenium/selenium-firefox-driver/3.141.59/selenium-firefox-driver-3.141.59.jar:/home/amruta/.m2/repository/org/seleniumhq/selenium/selenium-ie-driver/3.141.59/selenium-ie-driver-3.141.59.jar:/home/amruta/.m2/repository/org/seleniumhq/selenium/selenium-opera-driver/3.141.59/selenium-opera-driver-3.141.59.jar:/home/amruta/.m2/repository/org/seleniumhq/selenium/selenium-remote-driver/3.141.59/selenium-remote-driver-3.141.59.jar:/home/amruta/.m2/repository/org/seleniumhq/selenium/selenium-safari-driver/3.141.59/selenium-safari-driver-3.141.59.jar:/home/amruta/.m2/repository/org/seleniumhq/selenium/selenium-support/3.141.59/selenium-support-3.141.59.jar:/home/amruta/.m2/repository/net/bytebuddy/byte-buddy/1.8.15/byte-buddy-1.8.15.jar:/home/amruta/.m2/repository/org/apache/commons/commons-exec/1.3/commons-exec-1.3.jar:/home/amruta/.m2/repository/com/google/guava/guava/25.0-jre/guava-25.0-jre.jar:/home/amruta/.m2/repository/org/checkerframework/checker-compat-qual/2.0.0/checker-compat-qual-2.0.0.jar:/home/amruta/.m2/repository/com/google/errorprone/error_prone_annotations/2.1.3/error_prone_annotations-2.1.3.jar:/home/amruta/.m2/repository/com/google/j2objc/j2objc-annotations/1.1/j2objc-annotations-1.1.jar:/home/amruta/.m2/repository/org/codehaus/mojo/animal-sniffer-annotations/1.14/animal-sniffer-annotations-1.14.jar:/home/amruta/.m2/repository/com/squareup/okhttp3/okhttp/3.11.0/okhttp-3.11.0.jar:/home/amruta/.m2/repository/com/squareup/okio/okio/1.14.0/okio-1.14.0.jar:/home/amruta/.m2/repository/org/apache/poi/poi/5.2.1/poi-5.2.1.jar:/home/amruta/.m2/repository/commons-codec/commons-codec/1.15/commons-codec-1.15.jar:/home/amruta/.m2/repository/org/apache/commons/commons-collections4/4.4/commons-collections4-4.4.jar:/home/amruta/.m2/repository/org/apache/commons/commons-math3/3.6.1/commons-math3-3.6.1.jar:/home/amruta/.m2/repository/commons-io/commons-io/2.11.0/commons-io-2.11.0.jar:/home/amruta/.m2/repository/com/zaxxer/SparseBitSet/1.2/SparseBitSet-1.2.jar:/home/amruta/.m2/repository/org/apache/logging/log4j/log4j-api/2.17.1/log4j-api-2.17.1.jar:/home/amruta/.m2/repository/org/apache/poi/poi-ooxml/5.2.1/poi-ooxml-5.2.1.jar:/home/amruta/.m2/repository/org/apache/poi/poi-ooxml-lite/5.2.1/poi-ooxml-lite-5.2.1.jar:/home/amruta/.m2/repository/org/apache/xmlbeans/xmlbeans/5.0.3/xmlbeans-5.0.3.jar:/home/amruta/.m2/repository/xml-apis/xml-apis/1.4.01/xml-apis-1.4.01.jar:/home/amruta/.m2/repository/org/apache/commons/commons-compress/1.21/commons-compress-1.21.jar:/home/amruta/.m2/repository/com/github/virtuald/curvesapi/1.07/curvesapi-1.07.jar:/home/amruta/.m2/repository/org/testng/testng/7.5/testng-7.5.jar:/home/amruta/.m2/repository/com/google/code/findbugs/jsr305/3.0.1/jsr305-3.0.1.jar:/home/amruta/.m2/repository/org/slf4j/slf4j-api/1.7.32/slf4j-api-1.7.32.jar:/home/amruta/.m2/repository/com/beust/jcommander/1.78/jcommander-1.78.jar:/home/amruta/.m2/repository/org/webjars/jquery/3.5.1/jquery-3.5.1.jar:/home/amruta/.m2/repository/com/relevantcodes/extentreports/2.41.2/extentreports-2.41.2.jar:/home/amruta/.m2/repository/org/jsoup/jsoup/1.8.3/jsoup-1.8.3.jar:/home/amruta/.m2/repository/org/xerial/sqlite-jdbc/3.8.11.1/sqlite-jdbc-3.8.11.1.jar:/home/amruta/.m2/repository/org/freemarker/freemarker/2.3.23/freemarker-2.3.23.jar:/home/amruta/.m2/repository/org/mongodb/mongodb-driver/3.0.4/mongodb-driver-3.0.4.jar:/home/amruta/.m2/repository/org/mongodb/bson/3.0.4/bson-3.0.4.jar:/home/amruta/.m2/repository/org/mongodb/mongodb-driver-core/3.0.4/mongodb-driver-core-3.0.4.jar:"/>
    <property name="sun.cpu.endian" value="little"/>
    <property name="user.home" value="/home/amruta"/>
    <property name="user.language" value="en"/>
    <property name="java.specification.vendor" value="Oracle Corporation"/>
    <property name="java.home" value="/usr/lib/jvm/java-8-openjdk-amd64/jre"/>
    <property name="basedir" value="/home/amruta/ecllipse workspace new/PageFactory"/>
    <property name="file.separator" value="/"/>
    <property name="line.separator" value="&#10;"/>
    <property name="java.vm.specification.vendor" value="Oracle Corporation"/>
    <property name="java.specification.name" value="Java Platform API Specification"/>
    <property name="java.awt.graphicsenv" value="sun.awt.X11GraphicsEnvironment"/>
    <property name="surefire.real.class.path" value="/home/amruta/ecllipse workspace new/PageFactory/target/surefire/surefirebooter19638447040240890.jar"/>
    <property name="sun.boot.class.path" value="/usr/lib/jvm/java-8-openjdk-amd64/jre/lib/resources.jar:/usr/lib/jvm/java-8-openjdk-amd64/jre/lib/rt.jar:/usr/lib/jvm/java-8-openjdk-amd64/jre/lib/sunrsasign.jar:/usr/lib/jvm/java-8-openjdk-amd64/jre/lib/jsse.jar:/usr/lib/jvm/java-8-openjdk-amd64/jre/lib/jce.jar:/usr/lib/jvm/java-8-openjdk-amd64/jre/lib/charsets.jar:/usr/lib/jvm/java-8-openjdk-amd64/jre/lib/jfr.jar:/usr/lib/jvm/java-8-openjdk-amd64/jre/classes"/>
    <property name="sun.management.compiler" value="HotSpot 64-Bit Tiered Compilers"/>
    <property name="java.runtime.version" value="1.8.0_312-8u312-b07-0ubuntu1~18.04-b07"/>
    <property name="user.name" value="amruta"/>
    <property name="path.separator" value=":"/>
    <property name="os.version" value="5.4.0-100-generic"/>
    <property name="java.endorsed.dirs" value="/usr/lib/jvm/java-8-openjdk-amd64/jre/lib/endorsed"/>
    <property name="java.runtime.name" value="OpenJDK Runtime Environment"/>
    <property name="file.encoding" value="UTF-8"/>
    <property name="java.vm.name" value="OpenJDK 64-Bit Server VM"/>
    <property name="localRepository" value="/home/amruta/.m2/repository"/>
    <property name="java.vendor.url.bug" value="http://bugreport.sun.com/bugreport/"/>
    <property name="java.io.tmpdir" value="/tmp"/>
    <property name="java.version" value="1.8.0_312"/>
    <property name="user.dir" value="/home/amruta/ecllipse workspace new/PageFactory"/>
    <property name="os.arch" value="amd64"/>
    <property name="java.vm.specification.name" value="Java Virtual Machine Specification"/>
    <property name="java.awt.printerjob" value="sun.print.PSPrinterJob"/>
    <property name="sun.os.patch.level" value="unknown"/>
    <property name="java.library.path" value="/usr/java/packages/lib/amd64:/usr/lib/x86_64-linux-gnu/jni:/lib/x86_64-linux-gnu:/usr/lib/x86_64-linux-gnu:/usr/lib/jni:/lib:/usr/lib"/>
    <property name="java.vm.info" value="mixed mode"/>
    <property name="java.vendor" value="Private Build"/>
    <property name="java.vm.version" value="25.312-b07"/>
    <property name="https.protocols" value="TLSv1.2"/>
    <property name="java.ext.dirs" value="/usr/lib/jvm/java-8-openjdk-amd64/jre/lib/ext:/usr/java/packages/lib/ext"/>
    <property name="sun.io.unicode.encoding" value="UnicodeLittle"/>
    <property name="java.class.version" value="52.0"/>
  </properties>
  <testcase name="LoginFailiureTest" classname="testCases.LoginTest" time="9.816">
    <system-err><![CDATA[SLF4J: Failed to load class "org.slf4j.impl.StaticLoggerBinder".
SLF4J: Defaulting to no-operation (NOP) logger implementation
SLF4J: See http://www.slf4j.org/codes.html#StaticLoggerBinder for further details.
ERROR StatusLogger Log4j2 could not find a logging implementation. Please add log4j-core to the classpath. Using SimpleLogger to log to the console...
Starting ChromeDriver 90.0.4430.24 (4c6d850f087da467d926e8eddb76550aed655991-refs/branch-heads/4430@{#429}) on port 7131
Only local connections are allowed.
Please see https://chromedriver.chromium.org/security-considerations for suggestions on keeping ChromeDriver safe.
[1647152711.285][SECVhErRoEm]e:D briinvde(r)  wfaasi lsetda: rCtaendn ostu cacsesisgsnf urlelqyu.e
sted address (99)
Mar 13, 2022 11:55:12 AM org.openqa.selenium.remote.ProtocolHandshake createSession
INFO: Detected dialect: W3C
]]></system-err>
  </testcase>
</testsuite>