<?xml version="1.0" encoding="UTF-8"?>
<!-- Generated by org.testng.reporters.JUnitReportReporter -->
<testsuite hostname="amruta" failures="0" tests="1" name="testCases.LoginTest" time="15.080" errors="0" timestamp="2022-03-13T10:48:26 IST" skipped="0">
  <testcase classname="testCases.LoginTest" name="LoginFailiureTest" time="15.080"/>
  <system-out/>
</testsuite> <!-- testCases.LoginTest -->
