<?xml version="1.0" encoding="UTF-8"?>
<!-- Generated by org.testng.reporters.JUnitReportReporter -->
<testsuite skipped="0" hostname="amruta" name="testCases.LoginTest" tests="1" failures="0" timestamp="2022-03-13T11:55:23 IST" time="12.657" errors="0">
  <testcase name="LoginFailiureTest" time="12.657" classname="testCases.LoginTest"/>
  <system-out/>
</testsuite> <!-- testCases.LoginTest -->
